Aplicacion/NeverApp/things/build/intermediates/manifest_merge_blame_file/debug/manifest-merger-blame-debug-report.txt
1<?xml version="1.0" encoding="utf-8"?>
2<manifest xmlns:android="http://schemas.android.com/apk/res/android"
3    package="com.vicent.things"
4    android:versionCode="1"
5    android:versionName="1.0" >
6
7    <uses-sdk
8        android:minSdkVersion="27"
8-->src\main\AndroidManifest.xml
9        android:targetSdkVersion="29" />
9-->src\main\AndroidManifest.xml
10
11    <uses-permission android:name="com.google.android.things.permission.USE_PERIPHERAL_IO" />
11-->src\main\AndroidManifest.xml:5:5-93
11-->src\main\AndroidManifest.xml:5:22-91
12    <uses-permission android:name="com.google.android.things.permission.MANAGE_INPUT_DRIVERS" />
12-->src\main\AndroidManifest.xml:6:5-96
12-->src\main\AndroidManifest.xml:6:22-94
13    <uses-permission android:name="android.permission.BLUETOOTH" />
13-->src\main\AndroidManifest.xml:7:5-68
13-->src\main\AndroidManifest.xml:7:22-65
14    <uses-permission android:name="android.permission.BLUETOOTH_ADMIN" />
14-->src\main\AndroidManifest.xml:8:5-74
14-->src\main\AndroidManifest.xml:8:22-71
15    <uses-permission android:name="android.permission.INTERNET" />
15-->src\main\AndroidManifest.xml:9:5-67
15-->src\main\AndroidManifest.xml:9:22-64
16    <uses-permission android:name="android.permission.ACCESS_NETWORK_STATE" />
16-->[com.google.firebase:firebase-firestore:17.1.2] AndroidManifest.xml:10:5-79
16-->[com.google.firebase:firebase-firestore:17.1.2] AndroidManifest.xml:10:22-76
17
18    <application
18-->src\main\AndroidManifest.xml:11:5-21:19
8-->src/main/AndroidManifest.xml
9        android:targetSdkVersion="29" />
9-->src/main/AndroidManifest.xml
10
11    <uses-permission android:name="com.google.android.things.permission.USE_PERIPHERAL_IO" />
11-->src/main/AndroidManifest.xml:5:5-93
11-->src/main/AndroidManifest.xml:5:22-91
12    <uses-permission android:name="com.google.android.things.permission.MANAGE_INPUT_DRIVERS" />
12-->src/main/AndroidManifest.xml:6:5-96
12-->src/main/AndroidManifest.xml:6:22-94
13    <uses-permission android:name="android.permission.BLUETOOTH" />
13-->src/main/AndroidManifest.xml:7:5-68
13-->src/main/AndroidManifest.xml:7:22-65
14    <uses-permission android:name="android.permission.BLUETOOTH_ADMIN" />
14-->src/main/AndroidManifest.xml:8:5-74
14-->src/main/AndroidManifest.xml:8:22-71
15    <uses-permission android:name="android.permission.INTERNET" />
15-->src/main/AndroidManifest.xml:9:5-67
15-->src/main/AndroidManifest.xml:9:22-64
16    <uses-permission android:name="android.permission.ACCESS_NETWORK_STATE" />
16-->[com.google.firebase:firebase-firestore:17.1.2] AndroidManifest.xml:10:5-79
16-->[com.google.firebase:firebase-firestore:17.1.2] AndroidManifest.xml:10:22-76
17
18    <application
18-->src/main/AndroidManifest.xml:11:5-21:19
19        android:appComponentFactory="androidx.core.app.CoreComponentFactory"
19-->[androidx.core:core:1.1.0] AndroidManifest.xml:24:18-86
20        android:debuggable="true"
21        android:label="@string/app_name" >
21-->src\main\AndroidManifest.xml:11:18-50
22        <uses-library android:name="com.google.android.things" />
22-->src\main\AndroidManifest.xml:12:9-66
22-->src\main\AndroidManifest.xml:12:23-63
23
24        <activity android:name="com.vicent.things.MainActivity" >
24-->src\main\AndroidManifest.xml:14:9-20:20
24-->src\main\AndroidManifest.xml:14:19-47
25            <intent-filter>
25-->src\main\AndroidManifest.xml:15:13-19:29
26                <action android:name="android.intent.action.MAIN" />
26-->src\main\AndroidManifest.xml:16:17-69
26-->src\main\AndroidManifest.xml:16:25-66
27
28                <category android:name="android.intent.category.LAUNCHER" />
28-->src\main\AndroidManifest.xml:18:17-77
28-->src\main\AndroidManifest.xml:18:27-74
21-->src/main/AndroidManifest.xml:11:18-50
22        <uses-library android:name="com.google.android.things" />
22-->src/main/AndroidManifest.xml:12:9-66
22-->src/main/AndroidManifest.xml:12:23-63
23
24        <activity android:name="com.vicent.things.MainActivity" >
24-->src/main/AndroidManifest.xml:14:9-20:20
24-->src/main/AndroidManifest.xml:14:19-47
25            <intent-filter>
25-->src/main/AndroidManifest.xml:15:13-19:29
26                <action android:name="android.intent.action.MAIN" />
26-->src/main/AndroidManifest.xml:16:17-69
26-->src/main/AndroidManifest.xml:16:25-66
27
28                <category android:name="android.intent.category.LAUNCHER" />
28-->src/main/AndroidManifest.xml:18:17-77
28-->src/main/AndroidManifest.xml:18:27-74
29            </intent-filter>
30        </activity>
31
32        <service android:name="com.google.firebase.components.ComponentDiscoveryService" >
32-->[com.google.firebase:firebase-firestore:17.1.2] AndroidManifest.xml:14:9-18:19
32-->[com.google.firebase:firebase-firestore:17.1.2] AndroidManifest.xml:14:18-89
33            <meta-data
33-->[com.google.firebase:firebase-firestore:17.1.2] AndroidManifest.xml:15:13-17:85
34                android:name="com.google.firebase.components:com.google.firebase.firestore.FirestoreRegistrar"
34-->[com.google.firebase:firebase-firestore:17.1.2] AndroidManifest.xml:16:17-111
35                android:value="com.google.firebase.components.ComponentRegistrar" />
35-->[com.google.firebase:firebase-firestore:17.1.2] AndroidManifest.xml:17:17-82
36        </service>
37
38        <activity
38-->[com.google.android.gms:play-services-base:16.0.1] AndroidManifest.xml:23:9-26:75
39            android:name="com.google.android.gms.common.api.GoogleApiActivity"
39-->[com.google.android.gms:play-services-base:16.0.1] AndroidManifest.xml:24:13-79
40            android:exported="false"
40-->[com.google.android.gms:play-services-base:16.0.1] AndroidManifest.xml:25:13-37
41            android:theme="@android:style/Theme.Translucent.NoTitleBar" />
41-->[com.google.android.gms:play-services-base:16.0.1] AndroidManifest.xml:26:13-72
42
43        <provider
43-->[com.google.firebase:firebase-common:16.0.3] AndroidManifest.xml:10:9-14:39
44            android:name="com.google.firebase.provider.FirebaseInitProvider"
44-->[com.google.firebase:firebase-common:16.0.3] AndroidManifest.xml:11:13-77
45            android:authorities="com.vicent.things.firebaseinitprovider"
45-->[com.google.firebase:firebase-common:16.0.3] AndroidManifest.xml:12:13-72
46            android:exported="false"
46-->[com.google.firebase:firebase-common:16.0.3] AndroidManifest.xml:13:13-37
47            android:initOrder="100" />
47-->[com.google.firebase:firebase-common:16.0.3] AndroidManifest.xml:14:13-36
48
49        <meta-data
49-->[com.google.android.gms:play-services-basement:16.0.1] AndroidManifest.xml:23:9-25:69
50            android:name="com.google.android.gms.version"
50-->[com.google.android.gms:play-services-basement:16.0.1] AndroidManifest.xml:24:13-58
51            android:value="@integer/google_play_services_version" />
51-->[com.google.android.gms:play-services-basement:16.0.1] AndroidManifest.xml:25:13-66
32-->[com.google.firebase:firebase-firestore:17.1.2] AndroidManifest.xml:14:9-18:19
32-->[com.google.firebase:firebase-firestore:17.1.2] AndroidManifest.xml:14:18-89
33            <meta-data
33-->[com.google.firebase:firebase-firestore:17.1.2] AndroidManifest.xml:15:13-17:85
34                android:name="com.google.firebase.components:com.google.firebase.firestore.FirestoreRegistrar"
34-->[com.google.firebase:firebase-firestore:17.1.2] AndroidManifest.xml:16:17-111
35                android:value="com.google.firebase.components.ComponentRegistrar" />
35-->[com.google.firebase:firebase-firestore:17.1.2] AndroidManifest.xml:17:17-82
36        </service>
37
38        <activity
38-->[com.google.android.gms:play-services-base:16.0.1] AndroidManifest.xml:23:9-26:75
39            android:name="com.google.android.gms.common.api.GoogleApiActivity"
39-->[com.google.android.gms:play-services-base:16.0.1] AndroidManifest.xml:24:13-79
40            android:exported="false"
40-->[com.google.android.gms:play-services-base:16.0.1] AndroidManifest.xml:25:13-37
41            android:theme="@android:style/Theme.Translucent.NoTitleBar" />
41-->[com.google.android.gms:play-services-base:16.0.1] AndroidManifest.xml:26:13-72
42
43        <provider
43-->[com.google.firebase:firebase-common:16.0.3] AndroidManifest.xml:10:9-14:39
44            android:name="com.google.firebase.provider.FirebaseInitProvider"
44-->[com.google.firebase:firebase-common:16.0.3] AndroidManifest.xml:11:13-77
45            android:authorities="com.vicent.things.firebaseinitprovider"
45-->[com.google.firebase:firebase-common:16.0.3] AndroidManifest.xml:12:13-72
46            android:exported="false"
46-->[com.google.firebase:firebase-common:16.0.3] AndroidManifest.xml:13:13-37
47            android:initOrder="100" />
47-->[com.google.firebase:firebase-common:16.0.3] AndroidManifest.xml:14:13-36
48
49        <meta-data
49-->[com.google.android.gms:play-services-basement:16.0.1] AndroidManifest.xml:23:9-25:69
50            android:name="com.google.android.gms.version"
50-->[com.google.android.gms:play-services-basement:16.0.1] AndroidManifest.xml:24:13-58
51            android:value="@integer/google_play_services_version" />
51-->[com.google.android.gms:play-services-basement:16.0.1] AndroidManifest.xml:25:13-66
52    </application>
53
54</manifest>